<?xml version="1.0" encoding="UTF-8"?>
<!-- Generated by org.testng.reporters.JUnitXMLReporter -->
<testsuite ignored="0" hostname="ZainaHammouri" failures="0" tests="5" name="Default test" time="89.85" errors="0" timestamp="2025-12-20T14:42:46 EET">
  <testcase classname="MyTests.tests" name="SignUpTest" time="6.678"/>
  <testcase classname="MyTests.tests" name="LogOutTest" time="0.902"/>
  <testcase classname="MyTests.tests" name="LogInTest" time="0.929"/>
  <testcase classname="MyTests.tests" name="AddAllItemsToTheCartInHomePage" time="73.928"/>
  <testcase classname="MyTests.tests" name="checkOutTest" time="4.733"/>
</testsuite> <!-- Default test -->
