<?xml version="1.0" encoding="UTF-8"?>
<!-- Generated by org.testng.reporters.JUnitXMLReporter -->
<testsuite ignored="0" hostname="ZainaHammouri" failures="0" tests="5" name="Default test" time="110.498" errors="0" timestamp="2025-12-20T17:31:55 EET">
  <testcase classname="MyTests.tests" name="SignUpTest" time="17.693"/>
  <testcase classname="MyTests.tests" name="LogOutTest" time="0.957"/>
  <testcase classname="MyTests.tests" name="LogInTest" time="4.584"/>
  <testcase classname="MyTests.tests" name="AddAllItemsToTheCartInHomePage" time="74.666"/>
  <testcase classname="MyTests.tests" name="checkOutTest" time="8.605"/>
</testsuite> <!-- Default test -->
