<?xml version="1.0" encoding="UTF-8"?>
<testng-results ignored="0" total="3" passed="3" failed="0" skipped="0">
  <reporter-output>
  </reporter-output>
  <suite started-at="2025-12-19T16:14:49 EET" name="Default suite" finished-at="2025-12-19T16:15:03 EET" duration-ms="14375">
    <groups>
    </groups>
    <test started-at="2025-12-19T16:14:49 EET" name="Default test" finished-at="2025-12-19T16:15:03 EET" duration-ms="14375">
      <class name="MyTests.tests">
        <test-method is-config="true" signature="Setup()[pri:0, instance:MyTests.tests@53d102a2]" started-at="2025-12-19T16:14:49 EET" name="Setup" finished-at="2025-12-19T16:14:52 EET" duration-ms="3341" status="PASS">
          <reporter-output>
          </reporter-output>
        </test-method> <!-- Setup -->
        <test-method signature="SignUpTest()[pri:1, instance:MyTests.tests@53d102a2]" started-at="2025-12-19T16:14:52 EET" name="SignUpTest" finished-at="2025-12-19T16:15:00 EET" duration-ms="7254" status="PASS">
          <reporter-output>
          </reporter-output>
        </test-method> <!-- SignUpTest -->
        <test-method signature="LogOutTest()[pri:2, instance:MyTests.tests@53d102a2]" started-at="2025-12-19T16:15:00 EET" name="LogOutTest" finished-at="2025-12-19T16:15:00 EET" duration-ms="952" status="PASS">
          <reporter-output>
          </reporter-output>
        </test-method> <!-- LogOutTest -->
        <test-method signature="LogInTest()[pri:3, instance:MyTests.tests@53d102a2]" started-at="2025-12-19T16:15:00 EET" name="LogInTest" finished-at="2025-12-19T16:15:03 EET" duration-ms="2759" status="PASS">
          <reporter-output>
          </reporter-output>
        </test-method> <!-- LogInTest -->
        <test-method is-config="true" signature="AfterFinishedTheTest()[pri:0, instance:MyTests.tests@53d102a2]" started-at="2025-12-19T16:15:03 EET" name="AfterFinishedTheTest" finished-at="2025-12-19T16:15:03 EET" duration-ms="1" status="PASS">
          <reporter-output>
          </reporter-output>
        </test-method> <!-- AfterFinishedTheTest -->
      </class> <!-- MyTests.tests -->
    </test> <!-- Default test -->
  </suite> <!-- Default suite -->
</testng-results>
