<?xml version="1.0" encoding="UTF-8"?>
<!-- Generated by org.testng.reporters.JUnitReportReporter -->
<testsuite hostname="ZainaHammouri" failures="0" tests="5" name="MyTests.tests" time="106.505" errors="0" timestamp="2025-12-20T17:31:56 EET" skipped="0">
  <testcase classname="MyTests.tests" name="SignUpTest" time="17.693"/>
  <testcase classname="MyTests.tests" name="LogOutTest" time="0.957"/>
  <testcase classname="MyTests.tests" name="LogInTest" time="4.584"/>
  <testcase classname="MyTests.tests" name="AddAllItemsToTheCartInHomePage" time="74.666"/>
  <testcase classname="MyTests.tests" name="checkOutTest" time="8.605"/>
</testsuite> <!-- MyTests.tests -->
